#-----------------------------------------------------------
# Vivado v2018.2 (64-bit)
# SW Build 2258646 on Thu Jun 14 20:03:12 MDT 2018
# IP Build 2256618 on Thu Jun 14 22:10:49 MDT 2018
# Start of session at: Fri Jul 31 14:16:51 2020
# Process ID: 6128
# Current directory: D:/gf/Study Resource/XILINX/summer_class/sea_traffic/sea_traffic
# Command line: vivado.exe -gui_launcher_event rodinguilauncherevent2836 D:\gf\Study Resource\XILINX\summer_class\sea_traffic\sea_traffic\sea_traffic.xpr
# Log file: D:/gf/Study Resource/XILINX/summer_class/sea_traffic/sea_traffic/vivado.log
# Journal file: D:/gf/Study Resource/XILINX/summer_class/sea_traffic/sea_traffic\vivado.jou
#-----------------------------------------------------------
start_gui
open_project {D:/gf/Study Resource/XILINX/summer_class/sea_traffic/sea_traffic/sea_traffic.xpr}
Scanning sources...
Finished scanning sources
INFO: [IP_Flow 19-234] Refreshing IP repositories
INFO: [IP_Flow 19-1704] No user IP repositories specified
INFO: [IP_Flow 19-2313] Loaded Vivado IP repository 'D:/XILINX/Vivado/2018.2/data/ip'.
open_project: Time (s): cpu = 00:00:24 ; elapsed = 00:00:12 . Memory (MB): peak = 811.449 ; gain = 137.520
update_compile_order -fileset sources_1
exit
INFO: [Common 17-206] Exiting Vivado at Fri Jul 31 14:17:41 2020...
