Copyright 1986-2019 Xilinx, Inc. All Rights Reserved.
---------------------------------------------------------------------------------------------------------
| Tool Version : Vivado v.2019.1 (win64) Build 2552052 Fri May 24 14:49:42 MDT 2019
| Date         : Sat Aug  1 17:52:33 2020
| Host         : LAPTOP-6HR1D0VC running 64-bit major release  (build 9200)
| Command      : report_drc -file lights_drc_opted.rpt -pb lights_drc_opted.pb -rpx lights_drc_opted.rpx
| Design       : lights
| Device       : xc7s15ftgb196-1
| Speed File   : -1
| Design State : Synthesized
---------------------------------------------------------------------------------------------------------

Report DRC

Table of Contents
-----------------
1. REPORT SUMMARY
2. REPORT DETAILS

1. REPORT SUMMARY
-----------------
            Netlist: netlist
          Floorplan: design_1
      Design limits: <entire design considered>
           Ruledeck: default
             Max violations: <unlimited>
             Violations found: 5
+-------------+----------+-------------------------------------------------------------+------------+
| Rule        | Severity | Description                                                 | Violations |
+-------------+----------+-------------------------------------------------------------+------------+
| BUFC-1      | Warning  | Input Buffer Connections                                    | 1          |
| CFGBVS-1    | Warning  | Missing CFGBVS and CONFIG_VOLTAGE Design Properties         | 1          |
| DPIP-1      | Warning  | Input pipelining                                            | 2          |
| PLHOLDVIO-2 | Warning  | Non-Optimal connections which could lead to hold violations | 1          |
+-------------+----------+-------------------------------------------------------------+------------+

2. REPORT DETAILS
-----------------
BUFC-1#1 Warning
Input Buffer Connections  
Input buffer Camera_IIC_SDA_IOBUF/IBUF (in Camera_IIC_SDA_IOBUF macro) has no loads. It is recommended to have an input buffer drive an internal load.
Related violations: <none>

CFGBVS-1#1 Warning
Missing CFGBVS and CONFIG_VOLTAGE Design Properties  
Neither the CFGBVS nor CONFIG_VOLTAGE voltage property is set in the current_design.  Configuration bank voltage select (CFGBVS) must be set to VCCO or GND, and CONFIG_VOLTAGE must be set to the correct configuration voltage, in order to determine the I/O voltage support for the pins in bank 0.  It is suggested to specify these either using the 'Edit Device Properties' function in the GUI or directly in the XDC file using the following syntax:

 set_property CFGBVS value1 [current_design]
 #where value1 is either VCCO or GND

 set_property CONFIG_VOLTAGE value2 [current_design]
 #where value2 is the voltage provided to configuration bank 0

Refer to the device configuration user guide for more information.
Related violations: <none>

DPIP-1#1 Warning
Input pipelining  
DSP RGB_LED_Task0/inst/Clk_Divide_2_reg input RGB_LED_Task0/inst/Clk_Divide_2_reg/A[29:0] is not pipelined. Pipelining DSP48 input will improve performance.
Related violations: <none>

DPIP-1#2 Warning
Input pipelining  
DSP RGB_LED_Task0/inst/Clk_Division1/Count1 input RGB_LED_Task0/inst/Clk_Division1/Count1/A[29:0] is not pipelined. Pipelining DSP48 input will improve performance.
Related violations: <none>

PLHOLDVIO-2#1 Warning
Non-Optimal connections which could lead to hold violations  
A LUT RGB_LED_Task0/inst/Clk_Division1/Light_Ok_i_2 is driving clock pin of 21 cells. This could lead to large hold time violations. Involved cells are:
RGB_LED_Task0/inst/Cnt_2_reg[0], RGB_LED_Task0/inst/Cnt_2_reg[1], RGB_LED_Task0/inst/Cnt_2_reg[2], RGB_LED_Task0/inst/Cnt_2_reg[3], RGB_LED_Task0/inst/Cnt_2_reg[4], RGB_LED_Task0/inst/Cnt_2_reg[5], RGB_LED_Task0/inst/Cnt_2_reg[6], RGB_LED_Task0/inst/Cnt_2_reg[7], RGB_LED_Task0/inst/Cnt_2_reg[8], RGB_LED_Task0/inst/Cnt_3_reg[0], RGB_LED_Task0/inst/Cnt_3_reg[10], RGB_LED_Task0/inst/Cnt_3_reg[1], RGB_LED_Task0/inst/Cnt_3_reg[2], RGB_LED_Task0/inst/Cnt_3_reg[3], RGB_LED_Task0/inst/Cnt_3_reg[4] (the first 15 of 21 listed)
Related violations: <none>


