#-----------------------------------------------------------
# Vivado v2019.1 (64-bit)
# SW Build 2552052 on Fri May 24 14:49:42 MDT 2019
# IP Build 2548770 on Fri May 24 18:01:18 MDT 2019
# Start of session at: Sat Aug  1 17:35:44 2020
# Process ID: 5680
# Current directory: C:/Vivado documents/SEA_exp/lights
# Command line: vivado.exe -gui_launcher_event rodinguilauncherevent11296 C:\Vivado documents\SEA_exp\lights\lights.xpr
# Log file: C:/Vivado documents/SEA_exp/lights/vivado.log
# Journal file: C:/Vivado documents/SEA_exp/lights\vivado.jou
#-----------------------------------------------------------
start_gui
open_project {C:/Vivado documents/SEA_exp/lights/lights.xpr}
Scanning sources...
Finished scanning sources
INFO: [IP_Flow 19-234] Refreshing IP repositories
INFO: [IP_Flow 19-1700] Loaded user IP repository 'c:/Users/萌萌哒周小行/Desktop/FPGA Project/SEA-Tutorial/Experiment-of-SEA/IP_Core/Camera-IP'.
INFO: [IP_Flow 19-1700] Loaded user IP repository 'c:/Users/萌萌哒周小行/Desktop/FPGA Project/SEA-Tutorial/Experiment-of-SEA/IP_Core/Frequency-Divider-IP'.
INFO: [IP_Flow 19-1700] Loaded user IP repository 'c:/Users/萌萌哒周小行/Desktop/FPGA Project/SEA-Tutorial/Experiment-of-SEA/IP_Core/IIC-IP'.
INFO: [IP_Flow 19-1700] Loaded user IP repository 'c:/Users/萌萌哒周小行/Desktop/FPGA Project/SEA-Tutorial/Experiment-of-SEA/IP_Core/LED-IP'.
INFO: [IP_Flow 19-1700] Loaded user IP repository 'c:/Users/萌萌哒周小行/Desktop/Camera_Demo/Camera_Demo/IP_Core/CSI2DPHY_RX_1.0_IP'.
INFO: [IP_Flow 19-1700] Loaded user IP repository 'c:/Users/萌萌哒周小行/Desktop/Camera_Demo/Camera_Demo/IP_Core/CSI2AXIS_1.0_IP'.
INFO: [IP_Flow 19-1700] Loaded user IP repository 'c:/Users/萌萌哒周小行/Desktop/Camera_Demo/Camera_Demo/IP_Core/RGB2DVI_IP'.
INFO: [IP_Flow 19-2313] Loaded Vivado IP repository 'C:/Xilinx/Vivado/2019.1/data/ip'.
WARNING: [IP_Flow 19-1663] Duplicate IP found for 'trenz.biz:user:csi_to_axis:1.0'. The one found in IP location 'c:/Users/萌萌哒周小行/Desktop/FPGA Project/SEA-Tutorial/Experiment-of-SEA/IP_Core/Camera-IP/IP/CSI2AXIS_1.0_IP' will take precedence over the same IP in location c:/Users/萌萌哒周小行/Desktop/Camera_Demo/Camera_Demo/IP_Core/CSI2AXIS_1.0_IP
WARNING: [IP_Flow 19-1663] Duplicate IP found for 'trenz.biz:user:csi2_d_phy_rx:1.0'. The one found in IP location 'c:/Users/萌萌哒周小行/Desktop/FPGA Project/SEA-Tutorial/Experiment-of-SEA/IP_Core/Camera-IP/IP/CSI2DPHY_RX_1.0_IP' will take precedence over the same IP in location c:/Users/萌萌哒周小行/Desktop/Camera_Demo/Camera_Demo/IP_Core/CSI2DPHY_RX_1.0_IP
open_project: Time (s): cpu = 00:00:27 ; elapsed = 00:00:17 . Memory (MB): peak = 851.684 ; gain = 225.730
update_compile_order -fileset sources_1
update_compile_order -fileset sources_1
export_ip_user_files -of_objects  [get_files {{C:/Vivado documents/SEA_exp/lights/lights.srcs/sources_1/ip/blk_mem_gen_0/blk_mem_gen_0.xci}}] -no_script -reset -force -quiet
remove_files  {{C:/Vivado documents/SEA_exp/lights/lights.srcs/sources_1/ip/blk_mem_gen_0/blk_mem_gen_0.xci}}
set_property is_enabled false [get_files  {{C:/Vivado documents/SEA_exp/lights/lights.srcs/sources_1/ip/rgb2dvi_0/rgb2dvi_0.xci}}]
set_property is_enabled false [get_files  {{C:/Vivado documents/SEA_exp/lights/lights.srcs/sources_1/ip/AXIS_Data_RAM_1/AXIS_Data_RAM.xci}}]
set_property is_enabled false [get_files  {{C:/Vivado documents/SEA_exp/lights/lights.srcs/sources_1/ip/csi2_d_phy_rx_0_1/csi2_d_phy_rx_0.xci}}]
set_property is_enabled false [get_files  {{C:/Vivado documents/SEA_exp/lights/lights.srcs/sources_1/ip/csi_to_axis_0/csi_to_axis_0.xci}}]
set_property is_enabled false [get_files  {{C:/Vivado documents/SEA_exp/lights/lights.srcs/sources_1/ip/RAM_Line/RAM_Line.xci}}]
set_property is_enabled false [get_files  {{C:/Vivado documents/SEA_exp/lights/lights.srcs/sources_1/new/Driver_MIPI.v}}]
set_property is_enabled false [get_files  {{C:/Vivado documents/SEA_exp/lights/lights.srcs/sources_1/new/OV5647_Init.v}}]
set_property is_enabled false [get_files  {{C:/Vivado documents/SEA_exp/lights/lights.srcs/sources_1/new/Driver_Csi_To_Dvp.v}}]
set_property is_enabled false [get_files  {{C:/Vivado documents/SEA_exp/lights/lights.srcs/sources_1/new/Driver_Bayer_To_RGB.v}}]
set_property is_enabled false [get_files  {{C:/Vivado documents/SEA_exp/lights/lights.srcs/sources_1/new/Trigger_Generator.v}}]
reset_run synth_1
launch_runs impl_1 -to_step write_bitstream -jobs 4
[Sat Aug  1 17:40:56 2020] Launched synth_1...
Run output will be captured here: C:/Vivado documents/SEA_exp/lights/lights.runs/synth_1/runme.log
[Sat Aug  1 17:40:56 2020] Launched impl_1...
Run output will be captured here: C:/Vivado documents/SEA_exp/lights/lights.runs/impl_1/runme.log
reset_run synth_1
launch_runs impl_1 -to_step write_bitstream -jobs 4
[Sat Aug  1 17:46:04 2020] Launched synth_1...
Run output will be captured here: C:/Vivado documents/SEA_exp/lights/lights.runs/synth_1/runme.log
[Sat Aug  1 17:46:04 2020] Launched impl_1...
Run output will be captured here: C:/Vivado documents/SEA_exp/lights/lights.runs/impl_1/runme.log
reset_run synth_1
launch_runs impl_1 -to_step write_bitstream -jobs 4
[Sat Aug  1 17:50:40 2020] Launched synth_1...
Run output will be captured here: C:/Vivado documents/SEA_exp/lights/lights.runs/synth_1/runme.log
[Sat Aug  1 17:50:40 2020] Launched impl_1...
Run output will be captured here: C:/Vivado documents/SEA_exp/lights/lights.runs/impl_1/runme.log
exit
INFO: [Common 17-206] Exiting Vivado at Sat Aug  1 17:59:45 2020...
