#-----------------------------------------------------------
# Vivado v2019.1 (64-bit)
# SW Build 2552052 on Fri May 24 14:49:42 MDT 2019
# IP Build 2548770 on Fri May 24 18:01:18 MDT 2019
# Start of session at: Sat Aug  1 16:07:21 2020
# Process ID: 3904
# Current directory: C:/Vivado documents/SEA_exp/lights
# Command line: vivado.exe -gui_launcher_event rodinguilauncherevent6900 C:\Vivado documents\SEA_exp\lights\lights.xpr
# Log file: C:/Vivado documents/SEA_exp/lights/vivado.log
# Journal file: C:/Vivado documents/SEA_exp/lights\vivado.jou
#-----------------------------------------------------------
start_gui
open_project {C:/Vivado documents/SEA_exp/lights/lights.xpr}
Scanning sources...
Finished scanning sources
INFO: [IP_Flow 19-234] Refreshing IP repositories
INFO: [IP_Flow 19-1700] Loaded user IP repository 'c:/Users/萌萌哒周小行/Desktop/FPGA Project/SEA-Tutorial/Experiment-of-SEA/IP_Core/Camera-IP'.
INFO: [IP_Flow 19-1700] Loaded user IP repository 'c:/Users/萌萌哒周小行/Desktop/FPGA Project/SEA-Tutorial/Experiment-of-SEA/IP_Core/Frequency-Divider-IP'.
INFO: [IP_Flow 19-1700] Loaded user IP repository 'c:/Users/萌萌哒周小行/Desktop/FPGA Project/SEA-Tutorial/Experiment-of-SEA/IP_Core/IIC-IP'.
INFO: [IP_Flow 19-1700] Loaded user IP repository 'c:/Users/萌萌哒周小行/Desktop/FPGA Project/SEA-Tutorial/Experiment-of-SEA/IP_Core/LED-IP'.
INFO: [IP_Flow 19-2313] Loaded Vivado IP repository 'C:/Xilinx/Vivado/2019.1/data/ip'.
open_project: Time (s): cpu = 00:00:28 ; elapsed = 00:00:17 . Memory (MB): peak = 810.305 ; gain = 177.574
update_compile_order -fileset sources_1
add_files -norecurse {{C:/Vivado documents/SEA_exp/lights/lights.srcs/sources_1/new/Driver_IIC.v} {C:/Vivado documents/SEA_exp/lights/lights.srcs/sources_1/new/OV5647_Init.v} {C:/Vivado documents/SEA_exp/lights/lights.srcs/sources_1/new/Driver_MIPI.v} {C:/Vivado documents/SEA_exp/lights/lights.srcs/sources_1/new/Driver_Bayer_To_RGB.v} {C:/Vivado documents/SEA_exp/lights/lights.srcs/sources_1/new/Driver_Csi_To_Dvp.v} {C:/Vivado documents/SEA_exp/lights/lights.srcs/sources_1/new/Trigger_Generator.v}}
update_compile_order -fileset sources_1
reset_run synth_1
launch_runs impl_1 -to_step write_bitstream -jobs 8
[Sat Aug  1 16:19:20 2020] Launched synth_1...
Run output will be captured here: C:/Vivado documents/SEA_exp/lights/lights.runs/synth_1/runme.log
[Sat Aug  1 16:19:20 2020] Launched impl_1...
Run output will be captured here: C:/Vivado documents/SEA_exp/lights/lights.runs/impl_1/runme.log
set_property  ip_repo_paths  {{c:/Users/萌萌哒周小行/Desktop/FPGA Project/SEA-Tutorial/Experiment-of-SEA/IP_Core/Camera-IP} {c:/Users/萌萌哒周小行/Desktop/FPGA Project/SEA-Tutorial/Experiment-of-SEA/IP_Core/Frequency-Divider-IP} {c:/Users/萌萌哒周小行/Desktop/FPGA Project/SEA-Tutorial/Experiment-of-SEA/IP_Core/IIC-IP} {c:/Users/萌萌哒周小行/Desktop/FPGA Project/SEA-Tutorial/Experiment-of-SEA/IP_Core/LED-IP} C:/Users/萌萌哒周小行/Desktop/Camera_Demo/Camera_Demo/IP_Core/CSI2DPHY_RX_1.0_IP} [current_project]
update_ip_catalog
INFO: [IP_Flow 19-234] Refreshing IP repositories
INFO: [IP_Flow 19-1700] Loaded user IP repository 'c:/Users/萌萌哒周小行/Desktop/FPGA Project/SEA-Tutorial/Experiment-of-SEA/IP_Core/Camera-IP'.
INFO: [IP_Flow 19-1700] Loaded user IP repository 'c:/Users/萌萌哒周小行/Desktop/FPGA Project/SEA-Tutorial/Experiment-of-SEA/IP_Core/Frequency-Divider-IP'.
INFO: [IP_Flow 19-1700] Loaded user IP repository 'c:/Users/萌萌哒周小行/Desktop/FPGA Project/SEA-Tutorial/Experiment-of-SEA/IP_Core/IIC-IP'.
INFO: [IP_Flow 19-1700] Loaded user IP repository 'c:/Users/萌萌哒周小行/Desktop/FPGA Project/SEA-Tutorial/Experiment-of-SEA/IP_Core/LED-IP'.
INFO: [IP_Flow 19-1700] Loaded user IP repository 'c:/Users/萌萌哒周小行/Desktop/Camera_Demo/Camera_Demo/IP_Core/CSI2DPHY_RX_1.0_IP'.
WARNING: [IP_Flow 19-1663] Duplicate IP found for 'trenz.biz:user:csi2_d_phy_rx:1.0'. The one found in IP location 'c:/Users/萌萌哒周小行/Desktop/FPGA Project/SEA-Tutorial/Experiment-of-SEA/IP_Core/Camera-IP/IP/CSI2DPHY_RX_1.0_IP' will take precedence over the same IP in location c:/Users/萌萌哒周小行/Desktop/Camera_Demo/Camera_Demo/IP_Core/CSI2DPHY_RX_1.0_IP
create_ip -name csi2_d_phy_rx -vendor trenz.biz -library user -version 1.0 -module_name csi2_d_phy_rx_0 -dir {c:/Vivado documents/SEA_exp/lights/lights.srcs/sources_1/ip}
update_compile_order -fileset sources_1
export_ip_user_files -of_objects  [get_files {{c:/Vivado documents/SEA_exp/lights/lights.srcs/sources_1/ip/csi2_d_phy_rx_0/csi2_d_phy_rx_0.xci}}] -no_script -reset -force -quiet
remove_files  {{c:/Vivado documents/SEA_exp/lights/lights.srcs/sources_1/ip/csi2_d_phy_rx_0/csi2_d_phy_rx_0.xci}}
create_ip -name csi2_d_phy_rx -vendor trenz.biz -library user -version 1.0 -module_name csi2_d_phy_rx_0 -dir {c:/Vivado documents/SEA_exp/lights/lights.srcs/sources_1/ip}
update_compile_order -fileset sources_1
set_property -dict [list CONFIG.C_CALIB_WAIT {8191} CONFIG.C_RATE_LIMIT {50}] [get_ips csi2_d_phy_rx_0]
generate_target all [get_files  {{c:/Vivado documents/SEA_exp/lights/lights.srcs/sources_1/ip/csi2_d_phy_rx_0_1/csi2_d_phy_rx_0.xci}}]
INFO: [IP_Flow 19-1686] Generating 'Instantiation Template' target for IP 'csi2_d_phy_rx_0'...
INFO: [IP_Flow 19-1686] Generating 'Synthesis' target for IP 'csi2_d_phy_rx_0'...
INFO: [IP_Flow 19-1686] Generating 'Simulation' target for IP 'csi2_d_phy_rx_0'...
catch { config_ip_cache -export [get_ips -all csi2_d_phy_rx_0] }
export_ip_user_files -of_objects [get_files {{c:/Vivado documents/SEA_exp/lights/lights.srcs/sources_1/ip/csi2_d_phy_rx_0_1/csi2_d_phy_rx_0.xci}}] -no_script -sync -force -quiet
create_ip_run [get_files -of_objects [get_fileset sources_1] {{c:/Vivado documents/SEA_exp/lights/lights.srcs/sources_1/ip/csi2_d_phy_rx_0_1/csi2_d_phy_rx_0.xci}}]
launch_runs -jobs 8 csi2_d_phy_rx_0_synth_1
[Sat Aug  1 16:24:20 2020] Launched csi2_d_phy_rx_0_synth_1...
Run output will be captured here: C:/Vivado documents/SEA_exp/lights/lights.runs/csi2_d_phy_rx_0_synth_1/runme.log
export_simulation -of_objects [get_files {{c:/Vivado documents/SEA_exp/lights/lights.srcs/sources_1/ip/csi2_d_phy_rx_0_1/csi2_d_phy_rx_0.xci}}] -directory {C:/Vivado documents/SEA_exp/lights/lights.ip_user_files/sim_scripts} -ip_user_files_dir {C:/Vivado documents/SEA_exp/lights/lights.ip_user_files} -ipstatic_source_dir {C:/Vivado documents/SEA_exp/lights/lights.ip_user_files/ipstatic} -lib_map_path [list {modelsim=C:/Vivado documents/SEA_exp/lights/lights.cache/compile_simlib/modelsim} {questa=C:/Vivado documents/SEA_exp/lights/lights.cache/compile_simlib/questa} {riviera=C:/Vivado documents/SEA_exp/lights/lights.cache/compile_simlib/riviera} {activehdl=C:/Vivado documents/SEA_exp/lights/lights.cache/compile_simlib/activehdl}] -use_ip_compiled_libs -force -quiet
